{"logTime": "0827/064534", "correlationVector":"p4UKdkm9jpJ7We+GWU5X0a","action":"SyncServerConnectionManagerRequest", "result":"CONNECTION_UNAVAILABLE", "context":{"error_type":"net_error_code", "error_value":"-105"}}
{"logTime": "0827/064623", "correlationVector":"xra6USgWxJ2ST3X/pqRSPM.1","action":"SyncServerConnectionManagerRequest", "result":"SYNC_SERVER_OK", "context":{"environment":"Prod_NorthEurope_x00f", "migrationStage":"NotStarted", "server":"GENERAL0100000M"}}
{"logTime": "0827/064625", "correlationVector":"ymHFDaA9k6EBJ0ISPOMiKn","action":"SyncServerConnectionManagerRequest", "result":"SYNC_SERVER_OK", "context":{"environment":"", "migrationStage":"", "server":""}}
{"logTime": "0827/064625", "correlationVector":"p4UKdkm9jpJ7We+GWU5X0a","action":"Initial GetUpdates", "result":"", "context":Reason: NEW_CLIENT. cV=p4UKdkm9jpJ7We+GWU5X0a}
{"logTime": "0827/064625", "correlationVector":"gTLZX6fUrArdb1nOSkpLi1.0","action":"GetUpdates Response", "result":"Network error (ERR_NAME_NOT_RESOLVED)", "context":Received error: Network error (ERR_NAME_NOT_RESOLVED). }
{"logTime": "0827/064625", "correlationVector":"xra6USgWxJ2ST3X/pqRSPM","action":"Initial GetUpdates", "result":"", "context":Reason: NEW_CLIENT. cV=xra6USgWxJ2ST3X/pqRSPM}
{"logTime": "0827/064625", "correlationVector":"xra6USgWxJ2ST3X/pqRSPM.2","action":"GetUpdates Response", "result":"Success", "context":Received 1 update(s). cV=xra6USgWxJ2ST3X/pqRSPM.0;server=GENERAL0100000M;cloudType=Consumer;environment=Prod_NorthEurope_x00f;migrationStage=NotStarted}
{"logTime": "0827/064625", "correlationVector":"k+eddMr7R6QGGUZe5eeVgA","action":"Initial GetUpdates", "result":"", "context":Reason: NEWLY_SUPPORTED_DATATYPE. cV=k+eddMr7R6QGGUZe5eeVgA}
{"logTime": "0827/064627", "correlationVector":"k+eddMr7R6QGGUZe5eeVgA.1","action":"SyncServerConnectionManagerRequest", "result":"SYNC_SERVER_OK", "context":{"environment":"Prod_NorthEurope_x00f", "migrationStage":"NotStarted", "server":"GENERAL0100002J"}}
{"logTime": "0827/064627", "correlationVector":"k+eddMr7R6QGGUZe5eeVgA.2","action":"GetUpdates", "result":"DeleteReceived", "context":{"id":"4f6327bd-199a-4d5c-8bdd-3bb7beb00413", "isDeleted:":"true", "version":"1699156848027"}}
{"logTime": "0827/064627", "correlationVector":"k+eddMr7R6QGGUZe5eeVgA.3","action":"GetUpdates", "result":"DeleteReceived", "context":{"id":"a574ff15-cf6f-4e19-b3b5-942e22646b29", "isDeleted:":"true", "version":"1701679462069"}}
{"logTime": "0827/064627", "correlationVector":"k+eddMr7R6QGGUZe5eeVgA.4","action":"GetUpdates", "result":"DeleteReceived", "context":{"id":"f8e9d270-55f7-48f5-81d1-d0a367f739f0", "isDeleted:":"true", "version":"1701679468823"}}
{"logTime": "0827/064627", "correlationVector":"k+eddMr7R6QGGUZe5eeVgA.5","action":"GetUpdates", "result":"DeleteReceived", "context":{"id":"9788c1cb-d6c9-4d58-9501-c9c3f4df33ea", "isDeleted:":"true", "version":"1708949502894"}}
{"logTime": "0827/064627", "correlationVector":"k+eddMr7R6QGGUZe5eeVgA.6","action":"GetUpdates", "result":"DeleteReceived", "context":{"id":"df2a726d-0221-4b9d-ad04-12628255eb69", "isDeleted:":"true", "version":"1710770287271"}}
{"logTime": "0827/064627", "correlationVector":"k+eddMr7R6QGGUZe5eeVgA.7","action":"GetUpdates", "result":"DeleteReceived", "context":{"id":"725192bb-fbd8-4d31-9417-fae467fe48f5", "isDeleted:":"true", "version":"1710770313769"}}
{"logTime": "0827/064627", "correlationVector":"k+eddMr7R6QGGUZe5eeVgA.8","action":"GetUpdates", "result":"DeleteReceived", "context":{"id":"31332582-79c8-474c-b0c4-2f933f92d99d", "isDeleted:":"true", "version":"1710770315547"}}
{"logTime": "0827/064627", "correlationVector":"k+eddMr7R6QGGUZe5eeVgA.9","action":"GetUpdates", "result":"DeleteReceived", "context":{"id":"0b21a91d-52e8-4246-9f09-4c6d6251e548", "isDeleted:":"true", "version":"1710770316737"}}
{"logTime": "0827/064627", "correlationVector":"k+eddMr7R6QGGUZe5eeVgA.10","action":"GetUpdates", "result":"DeleteReceived", "context":{"id":"8ca612ae-1eab-448f-9d4e-b3dd909460df", "isDeleted:":"true", "version":"1710770317690"}}
{"logTime": "0827/064627", "correlationVector":"k+eddMr7R6QGGUZe5eeVgA.11","action":"GetUpdates", "result":"DeleteReceived", "context":{"id":"bcdb82ef-40b4-48e2-a87a-08ceac195e3a", "isDeleted:":"true", "version":"1710770334282"}}
{"logTime": "0827/064627", "correlationVector":"k+eddMr7R6QGGUZe5eeVgA.12","action":"GetUpdates", "result":"DeleteReceived", "context":{"id":"cfd3e22d-8b42-4d55-8b08-866edc086b16", "isDeleted:":"true", "version":"1714331725689"}}
{"logTime": "0827/064627", "correlationVector":"k+eddMr7R6QGGUZe5eeVgA.13","action":"GetUpdates", "result":"DeleteReceived", "context":{"id":"085e81ff-2500-4a06-8200-475289550701", "isDeleted:":"true", "version":"1714331754910"}}
{"logTime": "0827/064627", "correlationVector":"k+eddMr7R6QGGUZe5eeVgA.14","action":"GetUpdates", "result":"DeleteReceived", "context":{"id":"58b9fb9a-866b-4017-be4f-a6c2f7868916", "isDeleted:":"true", "version":"1714331756560"}}
{"logTime": "0827/064627", "correlationVector":"k+eddMr7R6QGGUZe5eeVgA.15","action":"GetUpdates", "result":"DeleteReceived", "context":{"id":"10264e5b-5fc8-497a-b6c2-bdf6d031ea06", "isDeleted:":"true", "version":"1714331764824"}}
{"logTime": "0827/064627", "correlationVector":"k+eddMr7R6QGGUZe5eeVgA.16","action":"GetUpdates", "result":"DeleteReceived", "context":{"id":"9905bdb5-28c9-42c4-b329-3e7d1e7197ae", "isDeleted:":"true", "version":"1714331792172"}}
{"logTime": "0827/064627", "correlationVector":"k+eddMr7R6QGGUZe5eeVgA.17","action":"GetUpdates", "result":"DeleteReceived", "context":{"id":"d456e677-dc59-46a0-9157-0544aab932b1", "isDeleted:":"true", "version":"1714331801560"}}
{"logTime": "0827/064627", "correlationVector":"k+eddMr7R6QGGUZe5eeVgA.18","action":"GetUpdates", "result":"DeleteReceived", "context":{"id":"b18ec2de-41a2-4f88-8e5c-e2570c437718", "isDeleted:":"true", "version":"1714331806236"}}
{"logTime": "0827/064627", "correlationVector":"k+eddMr7R6QGGUZe5eeVgA.19","action":"GetUpdates", "result":"DeleteReceived", "context":{"id":"f862d1a8-55e2-4a95-bdd0-49a2cd1c0ec8", "isDeleted:":"true", "version":"1722709421138"}}
{"logTime": "0827/064627", "correlationVector":"k+eddMr7R6QGGUZe5eeVgA.20","action":"GetUpdates Response", "result":"Success", "context":Received 212 update(s). cV=k+eddMr7R6QGGUZe5eeVgA.0;server=GENERAL0100002J;cloudType=Consumer;environment=Prod_NorthEurope_x00f;migrationStage=NotStarted}
{"logTime": "0827/064627", "correlationVector":"pW6Gg5dmEMmllwhnwMy1K+","action":"Initial GetUpdates", "result":"", "context":Reason: NEWLY_SUPPORTED_DATATYPE. cV=pW6Gg5dmEMmllwhnwMy1K+}
{"logTime": "0827/064628", "correlationVector":"pW6Gg5dmEMmllwhnwMy1K+.1","action":"SyncServerConnectionManagerRequest", "result":"SYNC_SERVER_OK", "context":{"environment":"Prod_NorthEurope_x00f", "migrationStage":"NotStarted", "server":"GENERAL0200002V"}}
{"logTime": "0827/064628", "correlationVector":"pW6Gg5dmEMmllwhnwMy1K+.2","action":"GetUpdates", "result":"DeleteReceived", "context":{"id":"caa0cba4-8385-4dc0-b234-dd3715cf0f67", "isDeleted:":"true", "version":"1694431955298"}}
{"logTime": "0827/064628", "correlationVector":"pW6Gg5dmEMmllwhnwMy1K+.3","action":"GetUpdates", "result":"DeleteReceived", "context":{"id":"34ba29b2-483c-4d5a-88a1-37210bd1c527", "isDeleted:":"true", "version":"1694431963564"}}
{"logTime": "0827/064628", "correlationVector":"pW6Gg5dmEMmllwhnwMy1K+.4","action":"GetUpdates", "result":"DeleteReceived", "context":{"id":"733e16a3-b8d5-4b1c-ac15-5f5af7dd6f83", "isDeleted:":"true", "version":"1707484429812"}}
{"logTime": "0827/064628", "correlationVector":"pW6Gg5dmEMmllwhnwMy1K+.5","action":"GetUpdates", "result":"DeleteReceived", "context":{"id":"1630b447-25f9-4d95-8c9c-4b6e4cd4c219", "isDeleted:":"true", "version":"1707484436012"}}
{"logTime": "0827/064628", "correlationVector":"pW6Gg5dmEMmllwhnwMy1K+.6","action":"GetUpdates", "result":"DeleteReceived", "context":{"id":"e906d506-d3e2-4537-a85c-e390460e0f2b", "isDeleted:":"true", "version":"1707484444835"}}
{"logTime": "0827/064628", "correlationVector":"pW6Gg5dmEMmllwhnwMy1K+.7","action":"GetUpdates", "result":"DeleteReceived", "context":{"id":"840224ba-ab72-468a-ab88-72abf0ddf996", "isDeleted:":"true", "version":"1707484468817"}}
{"logTime": "0827/064628", "correlationVector":"pW6Gg5dmEMmllwhnwMy1K+.8","action":"GetUpdates", "result":"DeleteReceived", "context":{"id":"94077694-0688-455c-bfe5-483dd4a6dd78", "isDeleted:":"true", "version":"1707484475322"}}
{"logTime": "0827/064628", "correlationVector":"pW6Gg5dmEMmllwhnwMy1K+.9","action":"GetUpdates", "result":"DeleteReceived", "context":{"id":"5ea77dad-9e1d-4029-b6c9-034443000129", "isDeleted:":"true", "version":"1707484498548"}}
{"logTime": "0827/064628", "correlationVector":"pW6Gg5dmEMmllwhnwMy1K+.10","action":"GetUpdates", "result":"DeleteReceived", "context":{"id":"06a38c3e-edbb-41c3-bead-f5af5caa5d4d", "isDeleted:":"true", "version":"1713906901076"}}
{"logTime": "0827/064628", "correlationVector":"pW6Gg5dmEMmllwhnwMy1K+.11","action":"GetUpdates", "result":"DeleteReceived", "context":{"id":"1d56e4d3-3742-4d5f-8c5e-c4a494554b89", "isDeleted:":"true", "version":"1713906910858"}}
{"logTime": "0827/064628", "correlationVector":"pW6Gg5dmEMmllwhnwMy1K+.12","action":"GetUpdates", "result":"DeleteReceived", "context":{"id":"86e4a699-4a58-419f-a0a3-1a69511282f6", "isDeleted:":"true", "version":"1717187912131"}}
{"logTime": "0827/064628", "correlationVector":"pW6Gg5dmEMmllwhnwMy1K+.13","action":"GetUpdates Response", "result":"Success", "context":Received 34 update(s). cV=pW6Gg5dmEMmllwhnwMy1K+.0;server=GENERAL0200002V;cloudType=Consumer;environment=Prod_NorthEurope_x00f;migrationStage=NotStarted}
{"logTime": "0827/064628", "correlationVector":"kgggbyw/OtruRjlFfL3ebm","action":"Initial GetUpdates", "result":"", "context":Reason: NEWLY_SUPPORTED_DATATYPE. cV=kgggbyw/OtruRjlFfL3ebm}
{"logTime": "0827/064630", "correlationVector":"kgggbyw/OtruRjlFfL3ebm.1","action":"SyncServerConnectionManagerRequest", "result":"SYNC_SERVER_OK", "context":{"environment":"Prod_NorthEurope_x00f", "migrationStage":"NotStarted", "server":"GENERAL0100002Q"}}
{"logTime": "0827/064630", "correlationVector":"kgggbyw/OtruRjlFfL3ebm.2","action":"GetUpdates", "result":"DeleteReceived", "context":{"id":"77868e02-0375-4f12-b9f5-0a5451f1cd52", "isDeleted:":"true", "version":"1718457974456"}}
{"logTime": "0827/064630", "correlationVector":"kgggbyw/OtruRjlFfL3ebm.3","action":"GetUpdates", "result":"DeleteReceived", "context":{"id":"a0f4ae78-8e2d-4798-81e8-14c20977ea98", "isDeleted:":"true", "version":"1718457974457"}}
{"logTime": "0827/064630", "correlationVector":"kgggbyw/OtruRjlFfL3ebm.4","action":"GetUpdates", "result":"DeleteReceived", "context":{"id":"0acaab24-b3c9-43e0-b693-af3ac79e7120", "isDeleted:":"true", "version":"1718457974458"}}
{"logTime": "0827/064630", "correlationVector":"kgggbyw/OtruRjlFfL3ebm.5","action":"GetUpdates", "result":"DeleteReceived", "context":{"id":"6f54f51b-febb-4b3a-adc8-c74f9410221b", "isDeleted:":"true", "version":"1718457974459"}}
{"logTime": "0827/064630", "correlationVector":"kgggbyw/OtruRjlFfL3ebm.6","action":"GetUpdates", "result":"DeleteReceived", "context":{"id":"ac697847-d459-407f-be0a-7188585e4f1a", "isDeleted:":"true", "version":"1718457974460"}}
{"logTime": "0827/064630", "correlationVector":"kgggbyw/OtruRjlFfL3ebm.7","action":"GetUpdates", "result":"DeleteReceived", "context":{"id":"35259639-35f1-4183-af92-67c72010ca03", "isDeleted:":"true", "version":"1718457974461"}}
{"logTime": "0827/064630", "correlationVector":"kgggbyw/OtruRjlFfL3ebm.8","action":"GetUpdates", "result":"DeleteReceived", "context":{"id":"8f161dec-7cbf-45cd-89b8-321ff25addfc", "isDeleted:":"true", "version":"1718457974462"}}
{"logTime": "0827/064630", "correlationVector":"kgggbyw/OtruRjlFfL3ebm.9","action":"GetUpdates", "result":"DeleteReceived", "context":{"id":"738cc48c-0c85-4c3c-bc2a-fd438f2e38ac", "isDeleted:":"true", "version":"1718457974463"}}
{"logTime": "0827/064630", "correlationVector":"kgggbyw/OtruRjlFfL3ebm.10","action":"GetUpdates", "result":"DeleteReceived", "context":{"id":"2d83c41d-494f-4ab3-98ad-e50934c63a92", "isDeleted:":"true", "version":"1718457974464"}}
{"logTime": "0827/064630", "correlationVector":"kgggbyw/OtruRjlFfL3ebm.11","action":"GetUpdates", "result":"DeleteReceived", "context":{"id":"41f75c39-a244-40cf-8355-72a08b53a19d", "isDeleted:":"true", "version":"1718457974465"}}
{"logTime": "0827/064630", "correlationVector":"kgggbyw/OtruRjlFfL3ebm.12","action":"GetUpdates", "result":"DeleteReceived", "context":{"id":"ea328277-7985-4412-a6c8-269693cbc1f2", "isDeleted:":"true", "version":"1718457974466"}}
{"logTime": "0827/064630", "correlationVector":"kgggbyw/OtruRjlFfL3ebm.13","action":"GetUpdates Response", "result":"Success", "context":Received 250 update(s). cV=kgggbyw/OtruRjlFfL3ebm.0;server=GENERAL0100002Q;cloudType=Consumer;environment=Prod_NorthEurope_x00f;migrationStage=NotStarted Some updates remain.}
{"logTime": "0827/064630", "correlationVector":"htd3NaHULo+Ow7dsxelHbQ","action":"Initial GetUpdates", "result":"", "context":Reason: NEWLY_SUPPORTED_DATATYPE. cV=htd3NaHULo+Ow7dsxelHbQ}
{"logTime": "0827/064631", "correlationVector":"htd3NaHULo+Ow7dsxelHbQ.1","action":"SyncServerConnectionManagerRequest", "result":"SYNC_SERVER_OK", "context":{"environment":"Prod_WestEurope_x00e", "migrationStage":"NotStarted", "server":"general01000005"}}
{"logTime": "0827/064631", "correlationVector":"htd3NaHULo+Ow7dsxelHbQ.2","action":"GetUpdates Response", "result":"Success", "context":Received 250 update(s). cV=htd3NaHULo+Ow7dsxelHbQ.0;server=general01000005;cloudType=Consumer;environment=Prod_WestEurope_x00e;migrationStage=NotStarted Some updates remain.}
{"logTime": "0827/064631", "correlationVector":"miJINJ6hdZEsgdgfHvkv05","action":"Initial GetUpdates", "result":"", "context":Reason: NEWLY_SUPPORTED_DATATYPE. cV=miJINJ6hdZEsgdgfHvkv05}
{"logTime": "0827/064632", "correlationVector":"miJINJ6hdZEsgdgfHvkv05.1","action":"SyncServerConnectionManagerRequest", "result":"SYNC_SERVER_OK", "context":{"environment":"Prod_WestEurope_000l", "migrationStage":"NotStarted", "server":"general01000016"}}
{"logTime": "0827/064632", "correlationVector":"miJINJ6hdZEsgdgfHvkv05.2","action":"GetUpdates Response", "result":"Success", "context":Received 250 update(s). cV=miJINJ6hdZEsgdgfHvkv05.0;server=general01000016;cloudType=Consumer;environment=Prod_WestEurope_000l;migrationStage=NotStarted Some updates remain.}
{"logTime": "0827/064632", "correlationVector":"981/C7eattxOKQvxLuSgT3","action":"Initial GetUpdates", "result":"", "context":Reason: NEWLY_SUPPORTED_DATATYPE. cV=981/C7eattxOKQvxLuSgT3}
{"logTime": "0827/064633", "correlationVector":"981/C7eattxOKQvxLuSgT3.1","action":"SyncServerConnectionManagerRequest", "result":"SYNC_SERVER_OK", "context":{"environment":"Prod_WestEurope_000l", "migrationStage":"NotStarted", "server":"general0100000C"}}
{"logTime": "0827/064633", "correlationVector":"981/C7eattxOKQvxLuSgT3.2","action":"GetUpdates", "result":"DeleteReceived", "context":{"id":"40bd3111-f636-4ab7-919c-b0dfff33358c", "isDeleted:":"true", "version":"1723055241381"}}
{"logTime": "0827/064633", "correlationVector":"981/C7eattxOKQvxLuSgT3.3","action":"GetUpdates Response", "result":"Success", "context":Received 183 update(s). cV=981/C7eattxOKQvxLuSgT3.0;server=general0100000C;cloudType=Consumer;environment=Prod_WestEurope_000l;migrationStage=NotStarted}
{"logTime": "0827/064644", "correlationVector":"ElVpnMZP4vkCcrwn6nwM9v","action":"Normal GetUpdate request", "result":"", "context":cV=ElVpnMZP4vkCcrwn6nwM9v
Nudged types: Device Info, User Consents
Refresh requested types: Bookmarks, Preferences, Passwords, Autofill Profiles, Autofill, Extensions, Extension settings, Device Info, User Consents, Send Tab To Self, Web Apps, Collection, Edge E Drop, Edge Hub App Usage, Edge Wallet, Encryption Keys}
{"logTime": "0827/064646", "correlationVector":"ElVpnMZP4vkCcrwn6nwM9v.1","action":"SyncServerConnectionManagerRequest", "result":"SYNC_SERVER_OK", "context":{"environment":"Prod_WestEurope_x00e", "migrationStage":"NotStarted", "server":"general02000035"}}
{"logTime": "0827/064646", "correlationVector":"ElVpnMZP4vkCcrwn6nwM9v.2","action":"GetUpdates Response", "result":"Success", "context":Received 0 update(s). cV=ElVpnMZP4vkCcrwn6nwM9v.0;server=general02000035;cloudType=Consumer;environment=Prod_WestEurope_x00e;migrationStage=NotStarted}
{"logTime": "0827/064648", "correlationVector":"OkYV7FjI+KF+24rbHNUa7x","action":"DoCompareDataConsistency requsted types: ", "result":"Bookmarks, Preferences, Passwords, Extensions, Extension settings, Send Tab To Self, Web Apps, Collection, Edge E Drop, Edge Wallet, Encryption Keys"}
{"logTime": "0827/064648", "correlationVector":"OkYV7FjI+KF+24rbHNUa7x.0","action":"CompareDataConsistency result: ", "result":"Compare result: Encryption Keys is consistent. local entities count is: 1 local entities hash is: Ml4WtXuI6kAm2+PYqqcvjSbkn9I="}
{"logTime": "0827/064648", "correlationVector":"OkYV7FjI+KF+24rbHNUa7x.1","action":"CompareDataConsistency result: ", "result":"Compare result: Bookmarks is consistent. local entities count is: 21 local entities hash is: 3/cuEMaTGiQdH8dRjPMeeHhqpqg="}
{"logTime": "0827/064648", "correlationVector":"OkYV7FjI+KF+24rbHNUa7x.2","action":"CompareDataConsistency result: ", "result":"Compare result: Preferences is consistent. local entities count is: 77 local entities hash is: FHJskXLBHbzK/vn5gktRslSHhdk="}
{"logTime": "0827/064648", "correlationVector":"OkYV7FjI+KF+24rbHNUa7x.3","action":"CompareDataConsistency result: ", "result":"Compare result: Extensions is consistent. local entities count is: 5 local entities hash is: phtxzLYNEagiiHe9NX/ijcFwrOo="}
{"logTime": "0827/064648", "correlationVector":"OkYV7FjI+KF+24rbHNUa7x.4","action":"CompareDataConsistency result: ", "result":"Compare result: Extension settings is consistent. local entities count is: 2 local entities hash is: 4crdLAlaydKhbq0QGFQeztGxMdQ="}
{"logTime": "0827/064648", "correlationVector":"OkYV7FjI+KF+24rbHNUa7x.5","action":"CompareDataConsistency result: ", "result":"Server did not send this Send Tab To Self local entities count is: 0 local entities hash is: "}
{"logTime": "0827/064648", "correlationVector":"OkYV7FjI+KF+24rbHNUa7x.6","action":"CompareDataConsistency result: ", "result":"Compare result: Web Apps is consistent. local entities count is: 0 local entities hash is: "}
{"logTime": "0827/064648", "correlationVector":"OkYV7FjI+KF+24rbHNUa7x.7","action":"CompareDataConsistency result: ", "result":"Compare result: Collection is consistent. local entities count is: 0 local entities hash is: "}
{"logTime": "0827/064648", "correlationVector":"OkYV7FjI+KF+24rbHNUa7x.8","action":"CompareDataConsistency result: ", "result":"Compare result: Edge E Drop is consistent. local entities count is: 0 local entities hash is: "}
{"logTime": "0827/064648", "correlationVector":"OkYV7FjI+KF+24rbHNUa7x.9","action":"CompareDataConsistency result: ", "result":"Compare result: Edge Wallet is consistent. local entities count is: 0 local entities hash is: "}
{"logTime": "0827/064648", "correlationVector":"OkYV7FjI+KF+24rbHNUa7x.10","action":"CompareDataConsistency result: ", "result":"Compare result: Passwords is consistent. local entities count is: 88 local entities hash is: aD/0S6ElLY9ksI0nFiMG5zmGqU4="}
{"logTime": "0827/064648", "correlationVector":"XCnlktYqsi7j8BxawSJHyz","action":"Commit Request", "result":"", "context":Item count: 2
Contributing types: Device Info, User Consents}
{"logTime": "0827/064649", "correlationVector":"XCnlktYqsi7j8BxawSJHyz.1","action":"SyncServerConnectionManagerRequest", "result":"SYNC_SERVER_OK", "context":{"environment":"Prod_WestEurope_x00e", "migrationStage":"NotStarted", "server":"general02000037"}}
{"logTime": "0827/064649", "correlationVector":"XCnlktYqsi7j8BxawSJHyz.2","action":"Commit Response", "result":"Success", "context":Result: Success. cV=XCnlktYqsi7j8BxawSJHyz.0;server=general02000037;cloudType=Consumer;environment=Prod_WestEurope_x00e;migrationStage=NotStarted}
{"logTime": "0827/064649", "correlationVector":"2n8hbP0sg4aoICWVZ9j78C","action":"Normal GetUpdate request", "result":"", "context":cV=2n8hbP0sg4aoICWVZ9j78C
Nudged types: Device Info}
{"logTime": "0827/064650", "correlationVector":"2n8hbP0sg4aoICWVZ9j78C.1","action":"SyncServerConnectionManagerRequest", "result":"SYNC_SERVER_OK", "context":{"environment":"Prod_WestEurope_x00e", "migrationStage":"NotStarted", "server":"general0200000W"}}
{"logTime": "0827/064650", "correlationVector":"2n8hbP0sg4aoICWVZ9j78C.2","action":"GetUpdates Response", "result":"Success", "context":Received 1 update(s). cV=2n8hbP0sg4aoICWVZ9j78C.0;server=general0200000W;cloudType=Consumer;environment=Prod_WestEurope_x00e;migrationStage=NotStarted}
{"logTime": "0827/064655", "correlationVector":"","action":"DIAGNOSTIC_REQUEST|v1/diagnosticData/Diagnostic.SendCheckResult()|SUCCESS", "result":""}
{"logTime": "0827/064721", "correlationVector":"Z1G17FnEH+PHJ/LEP8Wu47","action":"Commit Request", "result":"", "context":Item count: 15
Contributing types: Preferences, Passwords}
{"logTime": "0827/064723", "correlationVector":"Z1G17FnEH+PHJ/LEP8Wu47.1","action":"SyncServerConnectionManagerRequest", "result":"SYNC_SERVER_OK", "context":{"environment":"Prod_NorthEurope_x00f", "migrationStage":"NotStarted", "server":"GENERAL01000029"}}
{"logTime": "0827/064723", "correlationVector":"Z1G17FnEH+PHJ/LEP8Wu47.2","action":"Commit Response", "result":"Success", "context":Result: Success. cV=Z1G17FnEH+PHJ/LEP8Wu47.0;server=GENERAL01000029;cloudType=Consumer;environment=Prod_NorthEurope_x00f;migrationStage=NotStarted}
{"logTime": "0827/064846", "correlationVector":"jeBW8/mc9eXMFlXdSSrBu8","action":"Commit Request", "result":"", "context":Item count: 1
Contributing types: Edge Hub App Usage}
{"logTime": "0827/064847", "correlationVector":"jeBW8/mc9eXMFlXdSSrBu8.1","action":"SyncServerConnectionManagerRequest", "result":"SYNC_SERVER_OK", "context":{"environment":"Prod_NorthEurope_000h", "migrationStage":"NotStarted", "server":"GENERAL0100001W"}}
{"logTime": "0827/064847", "correlationVector":"jeBW8/mc9eXMFlXdSSrBu8.2","action":"Commit Response", "result":"Success", "context":Result: Success. cV=jeBW8/mc9eXMFlXdSSrBu8.0;server=GENERAL0100001W;cloudType=Consumer;environment=Prod_NorthEurope_000h;migrationStage=NotStarted}
{"logTime": "0827/064849", "correlationVector":"gFVyh6tpUzCOnAoLmw/T69","action":"Commit Request", "result":"", "context":Item count: 1
Contributing types: Edge Hub App Usage}
{"logTime": "0827/064850", "correlationVector":"gFVyh6tpUzCOnAoLmw/T69.1","action":"SyncServerConnectionManagerRequest", "result":"SYNC_SERVER_OK", "context":{"environment":"Prod_WestEurope_x00e", "migrationStage":"NotStarted", "server":"general01000029"}}
{"logTime": "0827/064850", "correlationVector":"gFVyh6tpUzCOnAoLmw/T69.2","action":"Commit Response", "result":"Success", "context":Result: Success. cV=gFVyh6tpUzCOnAoLmw/T69.0;server=general01000029;cloudType=Consumer;environment=Prod_WestEurope_x00e;migrationStage=NotStarted}
{"logTime": "0827/064859", "correlationVector":"KhQ92dya/BxETZNDg3qSrA","action":"Commit Request", "result":"", "context":Item count: 1
Contributing types: Edge Hub App Usage}
{"logTime": "0827/064900", "correlationVector":"KhQ92dya/BxETZNDg3qSrA.1","action":"SyncServerConnectionManagerRequest", "result":"SYNC_SERVER_OK", "context":{"environment":"Prod_WestEurope_000l", "migrationStage":"NotStarted", "server":"general0100001N"}}
{"logTime": "0827/064900", "correlationVector":"KhQ92dya/BxETZNDg3qSrA.2","action":"Commit Response", "result":"Success", "context":Result: Success. cV=KhQ92dya/BxETZNDg3qSrA.0;server=general0100001N;cloudType=Consumer;environment=Prod_WestEurope_000l;migrationStage=NotStarted}
{"logTime": "0827/064922", "correlationVector":"G0cRQEFybWIMFhjw7o50u5","action":"Commit Request", "result":"", "context":Item count: 1
Contributing types: Edge Hub App Usage}
{"logTime": "0827/064923", "correlationVector":"G0cRQEFybWIMFhjw7o50u5.1","action":"SyncServerConnectionManagerRequest", "result":"SYNC_SERVER_OK", "context":{"environment":"Prod_NorthEurope_000h", "migrationStage":"NotStarted", "server":"GENERAL01000020"}}
{"logTime": "0827/064923", "correlationVector":"G0cRQEFybWIMFhjw7o50u5.2","action":"Commit Response", "result":"Success", "context":Result: Success. cV=G0cRQEFybWIMFhjw7o50u5.0;server=GENERAL01000020;cloudType=Consumer;environment=Prod_NorthEurope_000h;migrationStage=NotStarted}
{"logTime": "0827/064940", "correlationVector":"tZOA6fUF0ZEg15FMcqHi7t","action":"Commit Request", "result":"", "context":Item count: 1
Contributing types: Edge Hub App Usage}
{"logTime": "0827/064941", "correlationVector":"tZOA6fUF0ZEg15FMcqHi7t.1","action":"SyncServerConnectionManagerRequest", "result":"SYNC_SERVER_OK", "context":{"environment":"Prod_NorthEurope_000h", "migrationStage":"NotStarted", "server":"GENERAL01000028"}}
{"logTime": "0827/064941", "correlationVector":"tZOA6fUF0ZEg15FMcqHi7t.2","action":"Commit Response", "result":"Success", "context":Result: Success. cV=tZOA6fUF0ZEg15FMcqHi7t.0;server=GENERAL01000028;cloudType=Consumer;environment=Prod_NorthEurope_000h;migrationStage=NotStarted}
{"logTime": "0827/064945", "correlationVector":"GY4mDRb8Frt4SU36mSDM6s","action":"Commit Request", "result":"", "context":Item count: 1
Contributing types: Edge Hub App Usage}
{"logTime": "0827/064945", "correlationVector":"GY4mDRb8Frt4SU36mSDM6s.1","action":"SyncServerConnectionManagerRequest", "result":"SYNC_SERVER_OK", "context":{"environment":"Prod_WestEurope_x00e", "migrationStage":"NotStarted", "server":"general0100000K"}}
{"logTime": "0827/064945", "correlationVector":"GY4mDRb8Frt4SU36mSDM6s.2","action":"Commit Response", "result":"Success", "context":Result: Success. cV=GY4mDRb8Frt4SU36mSDM6s.0;server=general0100000K;cloudType=Consumer;environment=Prod_WestEurope_x00e;migrationStage=NotStarted}
{"logTime": "0827/064948", "correlationVector":"cD0JKp6n/TBesdOGOW4y/Q","action":"Commit Request", "result":"", "context":Item count: 1
Contributing types: Edge Hub App Usage}
{"logTime": "0827/064948", "correlationVector":"cD0JKp6n/TBesdOGOW4y/Q.1","action":"SyncServerConnectionManagerRequest", "result":"SYNC_SERVER_OK", "context":{"environment":"Prod_WestEurope_000l", "migrationStage":"NotStarted", "server":"general0100000I"}}
{"logTime": "0827/064948", "correlationVector":"cD0JKp6n/TBesdOGOW4y/Q.2","action":"Commit Response", "result":"Success", "context":Result: Success. cV=cD0JKp6n/TBesdOGOW4y/Q.0;server=general0100000I;cloudType=Consumer;environment=Prod_WestEurope_000l;migrationStage=NotStarted}
{"logTime": "0827/064952", "correlationVector":"g5sRxsIilIv4CY4GTb8Oxs","action":"Normal GetUpdate request", "result":"", "context":cV=g5sRxsIilIv4CY4GTb8Oxs
Refresh requested types: Bookmarks, Preferences, Passwords, Autofill Profiles, Autofill, Extensions, Extension settings, Device Info, User Consents, Send Tab To Self, Web Apps, Collection, Edge E Drop, Edge Hub App Usage, Edge Wallet, Encryption Keys}
{"logTime": "0827/064952", "correlationVector":"g5sRxsIilIv4CY4GTb8Oxs.1","action":"SyncServerConnectionManagerRequest", "result":"SYNC_SERVER_OK", "context":{"environment":"Prod_NorthEurope_000h", "migrationStage":"NotStarted", "server":"GENERAL0100002N"}}
{"logTime": "0827/064952", "correlationVector":"g5sRxsIilIv4CY4GTb8Oxs.2","action":"GetUpdates Response", "result":"Success", "context":Received 22 update(s). cV=g5sRxsIilIv4CY4GTb8Oxs.0;server=GENERAL0100002N;cloudType=Consumer;environment=Prod_NorthEurope_000h;migrationStage=NotStarted}
{"logTime": "0827/064953", "correlationVector":"UyKy12OXQsOfagdin8ZwJY","action":"Commit Request", "result":"", "context":Item count: 1
Contributing types: Edge Hub App Usage}
{"logTime": "0827/064953", "correlationVector":"UyKy12OXQsOfagdin8ZwJY.1","action":"SyncServerConnectionManagerRequest", "result":"SYNC_SERVER_OK", "context":{"environment":"Prod_NorthEurope_000h", "migrationStage":"NotStarted", "server":"GENERAL0100000M"}}
{"logTime": "0827/064953", "correlationVector":"UyKy12OXQsOfagdin8ZwJY.2","action":"Commit Response", "result":"Success", "context":Result: Success. cV=UyKy12OXQsOfagdin8ZwJY.0;server=GENERAL0100000M;cloudType=Consumer;environment=Prod_NorthEurope_000h;migrationStage=NotStarted}
{"logTime": "0827/075004", "correlationVector":"DFbpxWu25oIwTZtlYfzGqH","action":"Normal GetUpdate request", "result":"", "context":cV=DFbpxWu25oIwTZtlYfzGqH
Refresh requested types: Bookmarks, Preferences, Passwords, Autofill Profiles, Autofill, Extensions, Extension settings, Device Info, User Consents, Send Tab To Self, Web Apps, Collection, Edge E Drop, Edge Hub App Usage, Edge Wallet, Encryption Keys}
{"logTime": "0827/075005", "correlationVector":"DFbpxWu25oIwTZtlYfzGqH.1","action":"SyncServerConnectionManagerRequest", "result":"SYNC_SERVER_OK", "context":{"environment":"Prod_NorthEurope_000h", "migrationStage":"NotStarted", "server":"GENERAL01000029"}}
{"logTime": "0827/075005", "correlationVector":"DFbpxWu25oIwTZtlYfzGqH.2","action":"GetUpdates Response", "result":"Success", "context":Received 1 update(s). cV=DFbpxWu25oIwTZtlYfzGqH.0;server=GENERAL01000029;cloudType=Consumer;environment=Prod_NorthEurope_000h;migrationStage=NotStarted}
{"logTime": "0828/055913", "correlationVector":"Nuxhu+I50uovE+GebuRB7G.1","action":"SyncServerConnectionManagerRequest", "result":"SYNC_SERVER_OK", "context":{"environment":"Prod_WestEurope_x00e", "migrationStage":"NotStarted", "server":"general0100000O"}}
{"logTime": "0828/055915", "correlationVector":"BEFFGzfFxihwwEz2HhS9eX","action":"SyncServerConnectionManagerRequest", "result":"SYNC_SERVER_OK", "context":{"environment":"", "migrationStage":"", "server":""}}
{"logTime": "0828/055915", "correlationVector":"Nuxhu+I50uovE+GebuRB7G","action":"Initial GetUpdates", "result":"", "context":Reason: NEW_CLIENT. cV=Nuxhu+I50uovE+GebuRB7G}
{"logTime": "0828/055915", "correlationVector":"Nuxhu+I50uovE+GebuRB7G.2","action":"GetUpdates Response", "result":"Success", "context":Received 1 update(s). cV=Nuxhu+I50uovE+GebuRB7G.0;server=general0100000O;cloudType=Consumer;environment=Prod_WestEurope_x00e;migrationStage=NotStarted}
{"logTime": "0828/055915", "correlationVector":"0bKTBc91fDIk/RZXwgsg78","action":"Initial GetUpdates", "result":"", "context":Reason: NEWLY_SUPPORTED_DATATYPE. cV=0bKTBc91fDIk/RZXwgsg78}
{"logTime": "0828/055915", "correlationVector":"0bKTBc91fDIk/RZXwgsg78.1","action":"SyncServerConnectionManagerRequest", "result":"SYNC_SERVER_OK", "context":{"environment":"Prod_WestEurope_x00e", "migrationStage":"NotStarted", "server":"general0100001Q"}}
{"logTime": "0828/055915", "correlationVector":"0bKTBc91fDIk/RZXwgsg78.2","action":"GetUpdates", "result":"DeleteReceived", "context":{"id":"4f6327bd-199a-4d5c-8bdd-3bb7beb00413", "isDeleted:":"true", "version":"1699156848027"}}
{"logTime": "0828/055915", "correlationVector":"0bKTBc91fDIk/RZXwgsg78.3","action":"GetUpdates", "result":"DeleteReceived", "context":{"id":"a574ff15-cf6f-4e19-b3b5-942e22646b29", "isDeleted:":"true", "version":"1701679462069"}}
{"logTime": "0828/055915", "correlationVector":"0bKTBc91fDIk/RZXwgsg78.4","action":"GetUpdates", "result":"DeleteReceived", "context":{"id":"f8e9d270-55f7-48f5-81d1-d0a367f739f0", "isDeleted:":"true", "version":"1701679468823"}}
{"logTime": "0828/055915", "correlationVector":"0bKTBc91fDIk/RZXwgsg78.5","action":"GetUpdates", "result":"DeleteReceived", "context":{"id":"9788c1cb-d6c9-4d58-9501-c9c3f4df33ea", "isDeleted:":"true", "version":"1708949502894"}}
{"logTime": "0828/055915", "correlationVector":"0bKTBc91fDIk/RZXwgsg78.6","action":"GetUpdates", "result":"DeleteReceived", "context":{"id":"df2a726d-0221-4b9d-ad04-12628255eb69", "isDeleted:":"true", "version":"1710770287271"}}
{"logTime": "0828/055915", "correlationVector":"0bKTBc91fDIk/RZXwgsg78.7","action":"GetUpdates", "result":"DeleteReceived", "context":{"id":"725192bb-fbd8-4d31-9417-fae467fe48f5", "isDeleted:":"true", "version":"1710770313769"}}
{"logTime": "0828/055915", "correlationVector":"0bKTBc91fDIk/RZXwgsg78.8","action":"GetUpdates", "result":"DeleteReceived", "context":{"id":"31332582-79c8-474c-b0c4-2f933f92d99d", "isDeleted:":"true", "version":"1710770315547"}}
{"logTime": "0828/055915", "correlationVector":"0bKTBc91fDIk/RZXwgsg78.9","action":"GetUpdates", "result":"DeleteReceived", "context":{"id":"0b21a91d-52e8-4246-9f09-4c6d6251e548", "isDeleted:":"true", "version":"1710770316737"}}
{"logTime": "0828/055915", "correlationVector":"0bKTBc91fDIk/RZXwgsg78.10","action":"GetUpdates", "result":"DeleteReceived", "context":{"id":"8ca612ae-1eab-448f-9d4e-b3dd909460df", "isDeleted:":"true", "version":"1710770317690"}}
{"logTime": "0828/055915", "correlationVector":"0bKTBc91fDIk/RZXwgsg78.11","action":"GetUpdates", "result":"DeleteReceived", "context":{"id":"bcdb82ef-40b4-48e2-a87a-08ceac195e3a", "isDeleted:":"true", "version":"1710770334282"}}
{"logTime": "0828/055915", "correlationVector":"0bKTBc91fDIk/RZXwgsg78.12","action":"GetUpdates", "result":"DeleteReceived", "context":{"id":"cfd3e22d-8b42-4d55-8b08-866edc086b16", "isDeleted:":"true", "version":"1714331725689"}}
{"logTime": "0828/055915", "correlationVector":"0bKTBc91fDIk/RZXwgsg78.13","action":"GetUpdates", "result":"DeleteReceived", "context":{"id":"085e81ff-2500-4a06-8200-475289550701", "isDeleted:":"true", "version":"1714331754910"}}
{"logTime": "0828/055915", "correlationVector":"0bKTBc91fDIk/RZXwgsg78.14","action":"GetUpdates", "result":"DeleteReceived", "context":{"id":"58b9fb9a-866b-4017-be4f-a6c2f7868916", "isDeleted:":"true", "version":"1714331756560"}}
{"logTime": "0828/055915", "correlationVector":"0bKTBc91fDIk/RZXwgsg78.15","action":"GetUpdates", "result":"DeleteReceived", "context":{"id":"10264e5b-5fc8-497a-b6c2-bdf6d031ea06", "isDeleted:":"true", "version":"1714331764824"}}
{"logTime": "0828/055915", "correlationVector":"0bKTBc91fDIk/RZXwgsg78.16","action":"GetUpdates", "result":"DeleteReceived", "context":{"id":"9905bdb5-28c9-42c4-b329-3e7d1e7197ae", "isDeleted:":"true", "version":"1714331792172"}}
{"logTime": "0828/055915", "correlationVector":"0bKTBc91fDIk/RZXwgsg78.17","action":"GetUpdates", "result":"DeleteReceived", "context":{"id":"d456e677-dc59-46a0-9157-0544aab932b1", "isDeleted:":"true", "version":"1714331801560"}}
{"logTime": "0828/055915", "correlationVector":"0bKTBc91fDIk/RZXwgsg78.18","action":"GetUpdates", "result":"DeleteReceived", "context":{"id":"b18ec2de-41a2-4f88-8e5c-e2570c437718", "isDeleted:":"true", "version":"1714331806236"}}
{"logTime": "0828/055915", "correlationVector":"0bKTBc91fDIk/RZXwgsg78.19","action":"GetUpdates", "result":"DeleteReceived", "context":{"id":"f862d1a8-55e2-4a95-bdd0-49a2cd1c0ec8", "isDeleted:":"true", "version":"1722709421138"}}
{"logTime": "0828/055915", "correlationVector":"0bKTBc91fDIk/RZXwgsg78.20","action":"GetUpdates Response", "result":"Success", "context":Received 106 update(s). cV=0bKTBc91fDIk/RZXwgsg78.0;server=general0100001Q;cloudType=Consumer;environment=Prod_WestEurope_x00e;migrationStage=NotStarted}
{"logTime": "0828/055953", "correlationVector":"gvKpPTHe9bwO0IYU28N3TL","action":"Normal GetUpdate request", "result":"", "context":cV=gvKpPTHe9bwO0IYU28N3TL
Refresh requested types: Bookmarks, Preferences, Passwords, Autofill Profiles, Autofill, Extensions, Extension settings, Device Info, User Consents, Send Tab To Self, Web Apps, Collection, Edge E Drop, Edge Hub App Usage, Edge Wallet, Encryption Keys}
{"logTime": "0828/055954", "correlationVector":"gvKpPTHe9bwO0IYU28N3TL.1","action":"SyncServerConnectionManagerRequest", "result":"SYNC_SERVER_OK", "context":{"environment":"Prod_WestEurope_x00e", "migrationStage":"NotStarted", "server":"general0100002H"}}
{"logTime": "0828/055954", "correlationVector":"gvKpPTHe9bwO0IYU28N3TL.2","action":"GetUpdates Response", "result":"Success", "context":Received 5 update(s). cV=gvKpPTHe9bwO0IYU28N3TL.0;server=general0100002H;cloudType=Consumer;environment=Prod_WestEurope_x00e;migrationStage=NotStarted}
{"logTime": "0828/055956", "correlationVector":"p6BOGOHLvmUUQAR8KCNrG3","action":"Poll GetUpdate request", "result":"", "context":cV=p6BOGOHLvmUUQAR8KCNrG3}
{"logTime": "0828/055956", "correlationVector":"p6BOGOHLvmUUQAR8KCNrG3.1","action":"SyncServerConnectionManagerRequest", "result":"SYNC_SERVER_OK", "context":{"environment":"Prod_WestEurope_x00e", "migrationStage":"NotStarted", "server":"GENERAL0100000H"}}
{"logTime": "0828/055956", "correlationVector":"p6BOGOHLvmUUQAR8KCNrG3.2","action":"GetUpdates Response", "result":"Success", "context":Received 0 update(s). cV=p6BOGOHLvmUUQAR8KCNrG3.0;server=GENERAL0100000H;cloudType=Consumer;environment=Prod_WestEurope_x00e;migrationStage=NotStarted}
{"logTime": "0828/055957", "correlationVector":"b8RFqMquf8dKWyApBLX3LW","action":"Normal GetUpdate request", "result":"", "context":cV=b8RFqMquf8dKWyApBLX3LW
Nudged types: Preferences, Passwords}
{"logTime": "0828/055957", "correlationVector":"b8RFqMquf8dKWyApBLX3LW.1","action":"SyncServerConnectionManagerRequest", "result":"SYNC_SERVER_OK", "context":{"environment":"Prod_WestEurope_000l", "migrationStage":"NotStarted", "server":"GENERAL01000017"}}
{"logTime": "0828/055957", "correlationVector":"b8RFqMquf8dKWyApBLX3LW.2","action":"GetUpdates Response", "result":"Success", "context":Received 0 update(s). cV=b8RFqMquf8dKWyApBLX3LW.0;server=GENERAL01000017;cloudType=Consumer;environment=Prod_WestEurope_000l;migrationStage=NotStarted}
{"logTime": "0828/055959", "correlationVector":"3zqZub+ZOzrX2DLRqtbJLX","action":"Commit Request", "result":"", "context":Item count: 3
Contributing types: Preferences, Passwords}
{"logTime": "0828/060000", "correlationVector":"3zqZub+ZOzrX2DLRqtbJLX.1","action":"SyncServerConnectionManagerRequest", "result":"SYNC_SERVER_OK", "context":{"environment":"Prod_WestEurope_x00e", "migrationStage":"NotStarted", "server":"GENERAL0200000L"}}
{"logTime": "0828/060000", "correlationVector":"3zqZub+ZOzrX2DLRqtbJLX.2","action":"Commit Response", "result":"Success", "context":Result: Success. cV=3zqZub+ZOzrX2DLRqtbJLX.0;server=GENERAL0200000L;cloudType=Consumer;environment=Prod_WestEurope_x00e;migrationStage=NotStarted}
{"logTime": "0828/060412", "correlationVector":"CUJPvW0G37ynXBSf4PbXLB","action":"Normal GetUpdate request", "result":"", "context":cV=CUJPvW0G37ynXBSf4PbXLB
Refresh requested types: Bookmarks, Preferences, Passwords, Autofill Profiles, Autofill, Extensions, Extension settings, Device Info, User Consents, Send Tab To Self, Web Apps, Collection, Edge E Drop, Edge Hub App Usage, Edge Wallet, Encryption Keys}
{"logTime": "0828/060412", "correlationVector":"CUJPvW0G37ynXBSf4PbXLB.1","action":"SyncServerConnectionManagerRequest", "result":"SYNC_SERVER_OK", "context":{"environment":"Prod_WestEurope_000l", "migrationStage":"NotStarted", "server":"general0100000W"}}
{"logTime": "0828/060412", "correlationVector":"CUJPvW0G37ynXBSf4PbXLB.2","action":"GetUpdates Response", "result":"Success", "context":Received 3 update(s). cV=CUJPvW0G37ynXBSf4PbXLB.0;server=general0100000W;cloudType=Consumer;environment=Prod_WestEurope_000l;migrationStage=NotStarted}
{"logTime": "0828/063641", "correlationVector":"6FhlfC/lSSm0pJC+BH5xJX","action":"Normal GetUpdate request", "result":"", "context":cV=6FhlfC/lSSm0pJC+BH5xJX
Refresh requested types: Bookmarks, Preferences, Passwords, Autofill Profiles, Autofill, Extensions, Extension settings, Device Info, User Consents, Send Tab To Self, Web Apps, Collection, Edge E Drop, Edge Hub App Usage, Edge Wallet, Encryption Keys}
{"logTime": "0828/063642", "correlationVector":"6FhlfC/lSSm0pJC+BH5xJX.1","action":"SyncServerConnectionManagerRequest", "result":"SYNC_SERVER_OK", "context":{"environment":"Prod_WestEurope_x00e", "migrationStage":"NotStarted", "server":"general0100001U"}}
{"logTime": "0828/063642", "correlationVector":"6FhlfC/lSSm0pJC+BH5xJX.2","action":"GetUpdates Response", "result":"Success", "context":Received 0 update(s). cV=6FhlfC/lSSm0pJC+BH5xJX.0;server=general0100001U;cloudType=Consumer;environment=Prod_WestEurope_x00e;migrationStage=NotStarted}
{"logTime": "0828/064141", "correlationVector":"IbEaVafkxEgcAymxbttNtX","action":"Normal GetUpdate request", "result":"", "context":cV=IbEaVafkxEgcAymxbttNtX
Refresh requested types: Bookmarks, Preferences, Passwords, Autofill Profiles, Autofill, Extensions, Extension settings, Device Info, User Consents, Send Tab To Self, Web Apps, Collection, Edge E Drop, Edge Hub App Usage, Edge Wallet, Encryption Keys}
{"logTime": "0828/064142", "correlationVector":"IbEaVafkxEgcAymxbttNtX.1","action":"SyncServerConnectionManagerRequest", "result":"SYNC_SERVER_OK", "context":{"environment":"Prod_WestEurope_x00e", "migrationStage":"NotStarted", "server":"general0100001D"}}
{"logTime": "0828/064142", "correlationVector":"IbEaVafkxEgcAymxbttNtX.2","action":"GetUpdates Response", "result":"Success", "context":Received 0 update(s). cV=IbEaVafkxEgcAymxbttNtX.0;server=general0100001D;cloudType=Consumer;environment=Prod_WestEurope_x00e;migrationStage=NotStarted}
{"logTime": "0828/064627", "correlationVector":"hrhq3NgVNNsjAfatN/HzxA","action":"Commit Request", "result":"", "context":Item count: 1
Contributing types: Device Info}
{"logTime": "0828/064628", "correlationVector":"hrhq3NgVNNsjAfatN/HzxA.1","action":"SyncServerConnectionManagerRequest", "result":"SYNC_SERVER_OK", "context":{"environment":"Prod_WestEurope_000l", "migrationStage":"NotStarted", "server":"general0100001K"}}
{"logTime": "0828/064628", "correlationVector":"hrhq3NgVNNsjAfatN/HzxA.2","action":"Commit Response", "result":"Success", "context":Result: Success. cV=hrhq3NgVNNsjAfatN/HzxA.0;server=general0100001K;cloudType=Consumer;environment=Prod_WestEurope_000l;migrationStage=NotStarted}
