2024-08-27T06:44:33.961Z P:13392 T:3180] SyncServiceImpl::Initialize,SyncState after the account was authenticated: NotSignedIn
2024-08-27T06:44:51.732Z P:13392 T:8128] SyncManagerImpl::ConfigureSyncer,Types to download: Encryption Keys
2024-08-27T06:45:34.900Z P:13392 T:13276] SyncSchedulerImpl::OnSyncNetworkError,Syncer error: Network error (ERR_NAME_NOT_RESOLVED)
2024-08-27T06:45:34.900Z P:13392 T:13276] SyncSchedulerImpl::DoConfigurationSyncCycleJob,Syncer error: Success
2024-08-27T06:46:24.183Z P:13392 T:3180] ModelLoadManager::Configure,Desired: Bookmarks, Preferences, Extensions, Extension settings, Device Info, User Consents, Send Tab To Self, Web Apps, Collection, Edge E Drop, Edge Hub App Usage, Edge Wallet, Encryption Keys preferred: Bookmarks, Preferences, Passwords, Autofill Profiles, Autofill, Extensions, Extension settings, Device Info, User Consents, Send Tab To Self, Web Apps, Collection, Edge E Drop, Edge Hub App Usage, Edge Wallet, Encryption Keys
2024-08-27T06:46:24.184Z P:13392 T:3180] ModelLoadManager::LoadDesiredTypes,Desired: Bookmarks, Preferences, Extensions, Extension settings, Device Info, User Consents, Send Tab To Self, Web Apps, Collection, Edge E Drop, Edge Hub App Usage, Edge Wallet
2024-08-27T06:46:24.184Z P:13392 T:3180] ModelLoadManager::ModelLoadCallback,Load Bookmarks: success
2024-08-27T06:46:24.192Z P:13392 T:3180] ModelLoadManager::ModelLoadCallback,Load Preferences: success
2024-08-27T06:46:24.192Z P:13392 T:3180] ModelLoadManager::ModelLoadCallback,Load Extensions: success
2024-08-27T06:46:24.192Z P:13392 T:3180] ModelLoadManager::ModelLoadCallback,Load Device Info: success
2024-08-27T06:46:24.192Z P:13392 T:3180] ModelLoadManager::ModelLoadCallback,Load User Consents: success
2024-08-27T06:46:24.192Z P:13392 T:3180] ModelLoadManager::ModelLoadCallback,Load Send Tab To Self: success
2024-08-27T06:46:24.192Z P:13392 T:3180] ModelLoadManager::ModelLoadCallback,Load Web Apps: success
2024-08-27T06:46:24.192Z P:13392 T:3180] ModelLoadManager::ModelLoadCallback,Load Collection: success
2024-08-27T06:46:24.192Z P:13392 T:3180] ModelLoadManager::ModelLoadCallback,Load Edge E Drop: success
2024-08-27T06:46:24.193Z P:13392 T:3180] ModelLoadManager::ModelLoadCallback,Load Edge Hub App Usage: success
2024-08-27T06:46:24.193Z P:13392 T:3180] ModelLoadManager::ModelLoadCallback,Load Edge Wallet: success
2024-08-27T06:46:24.193Z P:13392 T:3180] ModelLoadManager::ModelLoadCallback,Load Extension settings: success
2024-08-27T06:46:24.193Z P:13392 T:3180] ModelLoadManager::NotifyDelegateIfReadyForConfigure,All data types are ready for configuration
2024-08-27T06:46:24.193Z P:13392 T:3180] DataTypeManagerImpl::OnAllDataTypesReadyForConfigure,All data types are ready for configuration
2024-08-27T06:46:24.193Z P:13392 T:3180] DataTypeManagerImpl::StartNextConfiguration,Size: 4 front: Encryption Keys
2024-08-27T06:46:24.193Z P:13392 T:3180] DataTypeManagerImpl::PrepareConfigureParams,Add types: 
2024-08-27T06:46:25.380Z P:13392 T:13276] SyncManagerImpl::ConfigureSyncer,Types to download: 
2024-08-27T06:46:25.381Z P:13392 T:3180] DataTypeManagerImpl::ConfigurationCompleted,Reconfigure
2024-08-27T06:46:25.381Z P:13392 T:3180] ModelLoadManager::Configure,Desired: Bookmarks, Preferences, Passwords, Autofill Profiles, Autofill, Extensions, Extension settings, Device Info, User Consents, Send Tab To Self, Web Apps, Collection, Edge E Drop, Edge Hub App Usage, Edge Wallet, Encryption Keys preferred: Bookmarks, Preferences, Passwords, Autofill Profiles, Autofill, Extensions, Extension settings, Device Info, User Consents, Send Tab To Self, Web Apps, Collection, Edge E Drop, Edge Hub App Usage, Edge Wallet, Encryption Keys
2024-08-27T06:46:25.381Z P:13392 T:3180] ModelLoadManager::LoadDesiredTypes,Desired: Bookmarks, Preferences, Passwords, Autofill Profiles, Autofill, Extensions, Extension settings, Device Info, User Consents, Send Tab To Self, Web Apps, Collection, Edge E Drop, Edge Hub App Usage, Edge Wallet
2024-08-27T06:46:25.382Z P:13392 T:3180] ModelLoadManager::ModelLoadCallback,Load Passwords: success
2024-08-27T06:46:25.382Z P:13392 T:3180] ModelLoadManager::ModelLoadCallback,Load Autofill Profiles: success
2024-08-27T06:46:25.382Z P:13392 T:3180] ModelLoadManager::ModelLoadCallback,Load Autofill: success
2024-08-27T06:46:25.382Z P:13392 T:3180] ModelLoadManager::NotifyDelegateIfReadyForConfigure,All data types are ready for configuration
2024-08-27T06:46:25.382Z P:13392 T:3180] DataTypeManagerImpl::OnAllDataTypesReadyForConfigure,All data types are ready for configuration
2024-08-27T06:46:25.382Z P:13392 T:3180] DataTypeManagerImpl::StartNextConfiguration,Size: 4 front: Encryption Keys
2024-08-27T06:46:25.382Z P:13392 T:3180] DataTypeManagerImpl::PrepareConfigureParams,Add types: 
2024-08-27T06:46:25.383Z P:13392 T:13276] SyncManagerImpl::ConfigureSyncer,Types to download: 
2024-08-27T06:46:25.383Z P:13392 T:3180] DataTypeManagerImpl::ConfigurationCompleted,Left: 3
2024-08-27T06:46:25.383Z P:13392 T:3180] DataTypeManagerImpl::StartNextConfiguration,Size: 3 front: Preferences, Passwords, Device Info, Send Tab To Self, Edge E Drop
2024-08-27T06:46:25.383Z P:13392 T:3180] DataTypeManagerImpl::PrepareConfigureParams,Add types: Preferences, Passwords, Device Info, Send Tab To Self, Edge E Drop, Encryption Keys
2024-08-27T06:46:25.383Z P:13392 T:13276] SyncManagerImpl::ConfigureSyncer,Types to download: Preferences, Passwords, Device Info, Send Tab To Self, Edge E Drop, Encryption Keys
2024-08-27T06:46:27.826Z P:13392 T:3180] DataTypeManagerImpl::ConfigurationCompleted,Left: 2
2024-08-27T06:46:27.826Z P:13392 T:3180] DataTypeManagerImpl::StartNextConfiguration,Size: 2 front: Bookmarks
2024-08-27T06:46:27.826Z P:13392 T:3180] DataTypeManagerImpl::PrepareConfigureParams,Add types: Bookmarks, Encryption Keys
2024-08-27T06:46:27.826Z P:13392 T:13276] SyncManagerImpl::ConfigureSyncer,Types to download: Bookmarks, Encryption Keys
2024-08-27T06:46:28.678Z P:13392 T:3180] DataTypeManagerImpl::ConfigurationCompleted,Left: 1
2024-08-27T06:46:28.681Z P:13392 T:3180] DataTypeManagerImpl::StartNextConfiguration,Size: 1 front: Autofill Profiles, Autofill, Extensions, Extension settings, User Consents, Web Apps, Collection, Edge Hub App Usage, Edge Wallet
2024-08-27T06:46:28.681Z P:13392 T:3180] DataTypeManagerImpl::PrepareConfigureParams,Add types: Autofill Profiles, Autofill, Extensions, Extension settings, Web Apps, Collection, Edge Hub App Usage, Edge Wallet, Encryption Keys
2024-08-27T06:46:28.681Z P:13392 T:13276] SyncManagerImpl::ConfigureSyncer,Types to download: Autofill Profiles, Autofill, Extensions, Extension settings, Web Apps, Collection, Edge Hub App Usage, Edge Wallet, Encryption Keys
2024-08-27T06:46:33.794Z P:13392 T:3180] DataTypeManagerImpl::ConfigurationCompleted,Left: 0
2024-08-27T06:46:49.376Z P:13392 T:13276] Commit::PostAndProcessResponse,Device Info: Success
2024-08-27T06:46:49.376Z P:13392 T:13276] Commit::PostAndProcessResponse,User Consents: Success
2024-08-27T06:47:23.498Z P:13392 T:13480] Commit::PostAndProcessResponse,Preferences: Success
2024-08-27T06:47:23.498Z P:13392 T:13480] Commit::PostAndProcessResponse,Passwords: Success
2024-08-27T06:48:47.610Z P:13392 T:13276] Commit::PostAndProcessResponse,Edge Hub App Usage: Success
2024-08-27T06:48:50.525Z P:13392 T:13276] Commit::PostAndProcessResponse,Edge Hub App Usage: Success
2024-08-27T06:49:00.283Z P:13392 T:13276] Commit::PostAndProcessResponse,Edge Hub App Usage: Success
2024-08-27T06:49:23.056Z P:13392 T:13276] Commit::PostAndProcessResponse,Edge Hub App Usage: Success
2024-08-27T06:49:41.137Z P:13392 T:13276] Commit::PostAndProcessResponse,Edge Hub App Usage: Success
2024-08-27T06:49:45.774Z P:13392 T:13276] Commit::PostAndProcessResponse,Edge Hub App Usage: Success
2024-08-27T06:49:48.829Z P:13392 T:13276] Commit::PostAndProcessResponse,Edge Hub App Usage: Success
2024-08-27T06:49:53.822Z P:13392 T:13276] Commit::PostAndProcessResponse,Edge Hub App Usage: Success
2024-08-27T16:19:50.429Z P:12052 T:10400] SyncServiceImpl::Initialize,SyncState after the account was authenticated: FeatureCanStart
2024-08-27T16:20:00.808Z P:12052 T:12008] SyncManagerImpl::ConfigureSyncer,Types to download: Encryption Keys
2024-08-27T16:20:30.299Z P:12052 T:10400] SyncServiceImpl::CredentialsChanged,Empty token for EdgeSyncScopeNew
2024-08-27T16:21:04.950Z P:12052 T:10400] SyncServiceImpl::CredentialsChanged,Empty token for EdgeSyncScopeNew
2024-08-27T16:21:40.131Z P:12052 T:10400] SyncServiceImpl::CredentialsChanged,Empty token for EdgeSyncScopeNew
2024-08-27T16:22:18.898Z P:12052 T:10400] SyncServiceImpl::CredentialsChanged,Empty token for EdgeSyncScopeNew
2024-08-27T16:23:00.266Z P:12052 T:10400] SyncServiceImpl::CredentialsChanged,Empty token for EdgeSyncScopeNew
2024-08-27T16:23:49.674Z P:12052 T:10400] SyncServiceImpl::CredentialsChanged,Empty token for EdgeSyncScopeNew
2024-08-28T05:59:01.321Z P:12180 T:5376] SyncServiceImpl::Initialize,SyncState after the account was authenticated: FeatureCanStart
2024-08-28T05:59:11.636Z P:12180 T:11608] SyncManagerImpl::ConfigureSyncer,Types to download: Encryption Keys
2024-08-28T05:59:13.371Z P:12180 T:5376] ModelLoadManager::Configure,Desired: Bookmarks, Preferences, Extensions, Extension settings, Device Info, User Consents, Send Tab To Self, Web Apps, Collection, Edge E Drop, Edge Hub App Usage, Edge Wallet, Encryption Keys preferred: Bookmarks, Preferences, Passwords, Autofill Profiles, Autofill, Extensions, Extension settings, Device Info, User Consents, Send Tab To Self, Web Apps, Collection, Edge E Drop, Edge Hub App Usage, Edge Wallet, Encryption Keys
2024-08-28T05:59:13.371Z P:12180 T:5376] ModelLoadManager::LoadDesiredTypes,Desired: Bookmarks, Preferences, Extensions, Extension settings, Device Info, User Consents, Send Tab To Self, Web Apps, Collection, Edge E Drop, Edge Hub App Usage, Edge Wallet
2024-08-28T05:59:13.371Z P:12180 T:5376] ModelLoadManager::ModelLoadCallback,Load Bookmarks: success
2024-08-28T05:59:13.413Z P:12180 T:5376] ModelLoadManager::ModelLoadCallback,Load Preferences: success
2024-08-28T05:59:13.413Z P:12180 T:5376] ModelLoadManager::ModelLoadCallback,Load Extensions: success
2024-08-28T05:59:13.413Z P:12180 T:5376] ModelLoadManager::ModelLoadCallback,Load Extension settings: success
2024-08-28T05:59:13.414Z P:12180 T:5376] ModelLoadManager::ModelLoadCallback,Load Device Info: success
2024-08-28T05:59:13.414Z P:12180 T:5376] ModelLoadManager::ModelLoadCallback,Load User Consents: success
2024-08-28T05:59:13.414Z P:12180 T:5376] ModelLoadManager::ModelLoadCallback,Load Send Tab To Self: success
2024-08-28T05:59:13.414Z P:12180 T:5376] ModelLoadManager::ModelLoadCallback,Load Web Apps: success
2024-08-28T05:59:13.414Z P:12180 T:5376] ModelLoadManager::ModelLoadCallback,Load Collection: success
2024-08-28T05:59:13.414Z P:12180 T:5376] ModelLoadManager::ModelLoadCallback,Load Edge E Drop: success
2024-08-28T05:59:13.414Z P:12180 T:5376] ModelLoadManager::ModelLoadCallback,Load Edge Hub App Usage: success
2024-08-28T05:59:13.414Z P:12180 T:5376] ModelLoadManager::ModelLoadCallback,Load Edge Wallet: success
2024-08-28T05:59:13.414Z P:12180 T:5376] ModelLoadManager::NotifyDelegateIfReadyForConfigure,All data types are ready for configuration
2024-08-28T05:59:13.414Z P:12180 T:5376] DataTypeManagerImpl::OnAllDataTypesReadyForConfigure,All data types are ready for configuration
2024-08-28T05:59:13.414Z P:12180 T:5376] DataTypeManagerImpl::StartNextConfiguration,Size: 4 front: Encryption Keys
2024-08-28T05:59:13.414Z P:12180 T:5376] DataTypeManagerImpl::PrepareConfigureParams,Add types: 
2024-08-28T05:59:15.048Z P:12180 T:8688] SyncManagerImpl::ConfigureSyncer,Types to download: 
2024-08-28T05:59:15.090Z P:12180 T:5376] DataTypeManagerImpl::ConfigurationCompleted,Reconfigure
2024-08-28T05:59:15.090Z P:12180 T:5376] ModelLoadManager::Configure,Desired: Bookmarks, Preferences, Passwords, Autofill Profiles, Autofill, Extensions, Extension settings, Device Info, User Consents, Send Tab To Self, Web Apps, Collection, Edge E Drop, Edge Hub App Usage, Edge Wallet, Encryption Keys preferred: Bookmarks, Preferences, Passwords, Autofill Profiles, Autofill, Extensions, Extension settings, Device Info, User Consents, Send Tab To Self, Web Apps, Collection, Edge E Drop, Edge Hub App Usage, Edge Wallet, Encryption Keys
2024-08-28T05:59:15.090Z P:12180 T:5376] ModelLoadManager::LoadDesiredTypes,Desired: Bookmarks, Preferences, Passwords, Autofill Profiles, Autofill, Extensions, Extension settings, Device Info, User Consents, Send Tab To Self, Web Apps, Collection, Edge E Drop, Edge Hub App Usage, Edge Wallet
2024-08-28T05:59:15.092Z P:12180 T:5376] ModelLoadManager::ModelLoadCallback,Load Passwords: success
2024-08-28T05:59:15.092Z P:12180 T:5376] ModelLoadManager::ModelLoadCallback,Load Autofill Profiles: success
2024-08-28T05:59:15.092Z P:12180 T:5376] ModelLoadManager::ModelLoadCallback,Load Autofill: success
2024-08-28T05:59:15.092Z P:12180 T:5376] ModelLoadManager::NotifyDelegateIfReadyForConfigure,All data types are ready for configuration
2024-08-28T05:59:15.092Z P:12180 T:5376] DataTypeManagerImpl::OnAllDataTypesReadyForConfigure,All data types are ready for configuration
2024-08-28T05:59:15.092Z P:12180 T:5376] DataTypeManagerImpl::StartNextConfiguration,Size: 4 front: Encryption Keys
2024-08-28T05:59:15.092Z P:12180 T:5376] DataTypeManagerImpl::PrepareConfigureParams,Add types: 
2024-08-28T05:59:15.092Z P:12180 T:4420] SyncManagerImpl::ConfigureSyncer,Types to download: 
2024-08-28T05:59:15.099Z P:12180 T:5376] DataTypeManagerImpl::ConfigurationCompleted,Left: 3
2024-08-28T05:59:15.099Z P:12180 T:5376] DataTypeManagerImpl::StartNextConfiguration,Size: 3 front: Preferences, Passwords, Device Info, Send Tab To Self, Edge E Drop
2024-08-28T05:59:15.099Z P:12180 T:5376] DataTypeManagerImpl::PrepareConfigureParams,Add types: Passwords, Encryption Keys
2024-08-28T05:59:15.099Z P:12180 T:8688] SyncManagerImpl::ConfigureSyncer,Types to download: Passwords, Encryption Keys
2024-08-28T05:59:16.315Z P:12180 T:5376] DataTypeManagerImpl::ConfigurationCompleted,Left: 2
2024-08-28T05:59:16.315Z P:12180 T:5376] DataTypeManagerImpl::StartNextConfiguration,Size: 2 front: Bookmarks
2024-08-28T05:59:16.315Z P:12180 T:5376] DataTypeManagerImpl::PrepareConfigureParams,Add types: 
2024-08-28T05:59:16.316Z P:12180 T:8688] SyncManagerImpl::ConfigureSyncer,Types to download: 
2024-08-28T05:59:16.316Z P:12180 T:5376] DataTypeManagerImpl::ConfigurationCompleted,Left: 1
2024-08-28T05:59:16.351Z P:12180 T:5376] DataTypeManagerImpl::StartNextConfiguration,Size: 1 front: Autofill Profiles, Autofill, Extensions, Extension settings, User Consents, Web Apps, Collection, Edge Hub App Usage, Edge Wallet
2024-08-28T05:59:16.351Z P:12180 T:5376] DataTypeManagerImpl::PrepareConfigureParams,Add types: 
2024-08-28T05:59:16.351Z P:12180 T:8688] SyncManagerImpl::ConfigureSyncer,Types to download: 
2024-08-28T05:59:16.352Z P:12180 T:5376] DataTypeManagerImpl::ConfigurationCompleted,Left: 0
2024-08-28T06:00:00.232Z P:12180 T:8688] Commit::PostAndProcessResponse,Preferences: Success
2024-08-28T06:00:00.232Z P:12180 T:8688] Commit::PostAndProcessResponse,Passwords: Success
2024-08-28T06:46:28.356Z P:12180 T:8688] Commit::PostAndProcessResponse,Device Info: Success
